[03-Sep-2016 13:13:55 UTC] PHP Warning:  include(/home/ubuntu/workspace/resources/templates/thumbnails_in.php): failed to open stream: No such file or directory in /home/ubuntu/workspace/public/index.php on line 26
[03-Sep-2016 13:13:55 UTC] PHP Stack trace:
[03-Sep-2016 13:13:55 UTC] PHP   1. {main}() /home/ubuntu/workspace/public/index.php:0
[03-Sep-2016 13:13:55 UTC] PHP Warning:  include(): Failed opening '/home/ubuntu/workspace/resources/templates/thumbnails_in.php' for inclusion (include_path='.:/usr/share/php:/usr/share/pear') in /home/ubuntu/workspace/public/index.php on line 26
[03-Sep-2016 13:13:55 UTC] PHP Stack trace:
[03-Sep-2016 13:13:55 UTC] PHP   1. {main}() /home/ubuntu/workspace/public/index.php:0
[03-Sep-2016 15:34:10 UTC] PHP Fatal error:  Cannot redeclare Category::getCatTitle() in /home/ubuntu/workspace/resources/backend/entities/Category.php on line 18
[03-Sep-2016 15:34:10 UTC] PHP Stack trace:
[03-Sep-2016 15:34:10 UTC] PHP   1. {main}() /home/ubuntu/workspace/public/item.php:0
[03-Sep-2016 15:34:10 UTC] PHP   2. include() /home/ubuntu/workspace/public/item.php:12
[03-Sep-2016 15:34:10 UTC] PHP   3. require_once() /home/ubuntu/workspace/resources/templates/side_nav.php:5
[03-Sep-2016 15:34:10 UTC] PHP   4. require_once() /home/ubuntu/workspace/resources/backend/controllers/categoryController.php:3
[03-Sep-2016 15:34:24 UTC] PHP Fatal error:  Cannot redeclare Category::getCatTitle() in /home/ubuntu/workspace/resources/backend/entities/Category.php on line 18
[03-Sep-2016 15:34:24 UTC] PHP Stack trace:
[03-Sep-2016 15:34:24 UTC] PHP   1. {main}() /home/ubuntu/workspace/public/index.php:0
[03-Sep-2016 15:34:24 UTC] PHP   2. include() /home/ubuntu/workspace/public/index.php:12
[03-Sep-2016 15:34:24 UTC] PHP   3. require_once() /home/ubuntu/workspace/resources/templates/side_nav.php:5
[03-Sep-2016 15:34:24 UTC] PHP   4. require_once() /home/ubuntu/workspace/resources/backend/controllers/categoryController.php:3
[03-Sep-2016 15:34:27 UTC] PHP Fatal error:  Cannot redeclare Category::getCatTitle() in /home/ubuntu/workspace/resources/backend/entities/Category.php on line 18
[03-Sep-2016 15:34:27 UTC] PHP Stack trace:
[03-Sep-2016 15:34:27 UTC] PHP   1. {main}() /home/ubuntu/workspace/public/index.php:0
[03-Sep-2016 15:34:27 UTC] PHP   2. include() /home/ubuntu/workspace/public/index.php:12
[03-Sep-2016 15:34:27 UTC] PHP   3. require_once() /home/ubuntu/workspace/resources/templates/side_nav.php:5
[03-Sep-2016 15:34:27 UTC] PHP   4. require_once() /home/ubuntu/workspace/resources/backend/controllers/categoryController.php:3
[03-Sep-2016 17:37:13 UTC] PHP Warning:  include(TEMPLATE_FRONT/header.php): failed to open stream: No such file or directory in /home/ubuntu/workspace/public/contact.php on line 8
[03-Sep-2016 17:37:13 UTC] PHP Stack trace:
[03-Sep-2016 17:37:13 UTC] PHP   1. {main}() /home/ubuntu/workspace/public/contact.php:0
[03-Sep-2016 17:37:13 UTC] PHP Warning:  include(): Failed opening 'TEMPLATE_FRONT/header.php' for inclusion (include_path='.:/usr/share/php:/usr/share/pear') in /home/ubuntu/workspace/public/contact.php on line 8
[03-Sep-2016 17:37:13 UTC] PHP Stack trace:
[03-Sep-2016 17:37:13 UTC] PHP   1. {main}() /home/ubuntu/workspace/public/contact.php:0
[03-Sep-2016 17:37:13 UTC] PHP Warning:  include(TEMPLATE_FRONT/top_nav.php): failed to open stream: No such file or directory in /home/ubuntu/workspace/public/contact.php on line 13
[03-Sep-2016 17:37:13 UTC] PHP Stack trace:
[03-Sep-2016 17:37:13 UTC] PHP   1. {main}() /home/ubuntu/workspace/public/contact.php:0
[03-Sep-2016 17:37:13 UTC] PHP Warning:  include(): Failed opening 'TEMPLATE_FRONT/top_nav.php' for inclusion (include_path='.:/usr/share/php:/usr/share/pear') in /home/ubuntu/workspace/public/contact.php on line 13
[03-Sep-2016 17:37:13 UTC] PHP Stack trace:
[03-Sep-2016 17:37:13 UTC] PHP   1. {main}() /home/ubuntu/workspace/public/contact.php:0
[03-Sep-2016 17:37:13 UTC] PHP Warning:  include(TEMPLATE_FRONT/footer.php): failed to open stream: No such file or directory in /home/ubuntu/workspace/public/contact.php on line 61
[03-Sep-2016 17:37:13 UTC] PHP Stack trace:
[03-Sep-2016 17:37:13 UTC] PHP   1. {main}() /home/ubuntu/workspace/public/contact.php:0
[03-Sep-2016 17:37:13 UTC] PHP Warning:  include(): Failed opening 'TEMPLATE_FRONT/footer.php' for inclusion (include_path='.:/usr/share/php:/usr/share/pear') in /home/ubuntu/workspace/public/contact.php on line 61
[03-Sep-2016 17:37:13 UTC] PHP Stack trace:
[03-Sep-2016 17:37:13 UTC] PHP   1. {main}() /home/ubuntu/workspace/public/contact.php:0
[03-Sep-2016 18:57:55 UTC] PHP Warning:  include(TEMPLATE_FRONT/header.php): failed to open stream: No such file or directory in /home/ubuntu/workspace/public/contact.php on line 8
[03-Sep-2016 18:57:55 UTC] PHP Stack trace:
[03-Sep-2016 18:57:55 UTC] PHP   1. {main}() /home/ubuntu/workspace/public/contact.php:0
[03-Sep-2016 18:57:55 UTC] PHP Warning:  include(): Failed opening 'TEMPLATE_FRONT/header.php' for inclusion (include_path='.:/usr/share/php:/usr/share/pear') in /home/ubuntu/workspace/public/contact.php on line 8
[03-Sep-2016 18:57:55 UTC] PHP Stack trace:
[03-Sep-2016 18:57:55 UTC] PHP   1. {main}() /home/ubuntu/workspace/public/contact.php:0
[03-Sep-2016 18:57:55 UTC] PHP Warning:  include(TEMPLATE_FRONT/top_nav.php): failed to open stream: No such file or directory in /home/ubuntu/workspace/public/contact.php on line 13
[03-Sep-2016 18:57:55 UTC] PHP Stack trace:
[03-Sep-2016 18:57:55 UTC] PHP   1. {main}() /home/ubuntu/workspace/public/contact.php:0
[03-Sep-2016 18:57:55 UTC] PHP Warning:  include(): Failed opening 'TEMPLATE_FRONT/top_nav.php' for inclusion (include_path='.:/usr/share/php:/usr/share/pear') in /home/ubuntu/workspace/public/contact.php on line 13
[03-Sep-2016 18:57:55 UTC] PHP Stack trace:
[03-Sep-2016 18:57:55 UTC] PHP   1. {main}() /home/ubuntu/workspace/public/contact.php:0
[03-Sep-2016 18:57:55 UTC] PHP Warning:  include(TEMPLATE_FRONT/footer.php): failed to open stream: No such file or directory in /home/ubuntu/workspace/public/contact.php on line 61
[03-Sep-2016 18:57:55 UTC] PHP Stack trace:
[03-Sep-2016 18:57:55 UTC] PHP   1. {main}() /home/ubuntu/workspace/public/contact.php:0
[03-Sep-2016 18:57:55 UTC] PHP Warning:  include(): Failed opening 'TEMPLATE_FRONT/footer.php' for inclusion (include_path='.:/usr/share/php:/usr/share/pear') in /home/ubuntu/workspace/public/contact.php on line 61
[03-Sep-2016 18:57:55 UTC] PHP Stack trace:
[03-Sep-2016 18:57:55 UTC] PHP   1. {main}() /home/ubuntu/workspace/public/contact.php:0
[05-Sep-2016 08:14:44 UTC] PHP Parse error:  syntax error, unexpected '->' (T_OBJECT_OPERATOR) in /home/ubuntu/workspace/public/login.php on line 22
[05-Sep-2016 08:21:22 UTC] PHP Parse error:  syntax error, unexpected '->' (T_OBJECT_OPERATOR) in /home/ubuntu/workspace/public/login.php on line 8
[05-Sep-2016 09:07:58 UTC] PHP Parse error:  syntax error, unexpected '}', expecting ',' or ';' in /home/ubuntu/workspace/public/login.php on line 38
[05-Sep-2016 11:30:42 UTC] PHP Parse error:  syntax error, unexpected 'text' (T_STRING), expecting ',' or ';' in /home/ubuntu/workspace/public/login.php on line 41
[05-Sep-2016 11:30:51 UTC] PHP Parse error:  syntax error, unexpected 'text' (T_STRING), expecting ',' or ';' in /home/ubuntu/workspace/public/login.php on line 41
[05-Sep-2016 11:30:56 UTC] PHP Parse error:  syntax error, unexpected 'text' (T_STRING), expecting ',' or ';' in /home/ubuntu/workspace/public/login.php on line 41
[05-Sep-2016 14:29:05 UTC] PHP Warning:  include(TEMPLATE_FRONT/header.php): failed to open stream: No such file or directory in /home/ubuntu/workspace/public/contact.php on line 8
[05-Sep-2016 14:29:05 UTC] PHP Stack trace:
[05-Sep-2016 14:29:05 UTC] PHP   1. {main}() /home/ubuntu/workspace/public/contact.php:0
[05-Sep-2016 14:29:05 UTC] PHP Warning:  include(): Failed opening 'TEMPLATE_FRONT/header.php' for inclusion (include_path='.:/usr/share/php:/usr/share/pear') in /home/ubuntu/workspace/public/contact.php on line 8
[05-Sep-2016 14:29:05 UTC] PHP Stack trace:
[05-Sep-2016 14:29:05 UTC] PHP   1. {main}() /home/ubuntu/workspace/public/contact.php:0
[05-Sep-2016 14:29:05 UTC] PHP Warning:  include(TEMPLATE_FRONT/top_nav.php): failed to open stream: No such file or directory in /home/ubuntu/workspace/public/contact.php on line 13
[05-Sep-2016 14:29:05 UTC] PHP Stack trace:
[05-Sep-2016 14:29:05 UTC] PHP   1. {main}() /home/ubuntu/workspace/public/contact.php:0
[05-Sep-2016 14:29:05 UTC] PHP Warning:  include(): Failed opening 'TEMPLATE_FRONT/top_nav.php' for inclusion (include_path='.:/usr/share/php:/usr/share/pear') in /home/ubuntu/workspace/public/contact.php on line 13
[05-Sep-2016 14:29:05 UTC] PHP Stack trace:
[05-Sep-2016 14:29:05 UTC] PHP   1. {main}() /home/ubuntu/workspace/public/contact.php:0
[05-Sep-2016 14:29:05 UTC] PHP Warning:  include(TEMPLATE_FRONT/footer.php): failed to open stream: No such file or directory in /home/ubuntu/workspace/public/contact.php on line 61
[05-Sep-2016 14:29:05 UTC] PHP Stack trace:
[05-Sep-2016 14:29:05 UTC] PHP   1. {main}() /home/ubuntu/workspace/public/contact.php:0
[05-Sep-2016 14:29:05 UTC] PHP Warning:  include(): Failed opening 'TEMPLATE_FRONT/footer.php' for inclusion (include_path='.:/usr/share/php:/usr/share/pear') in /home/ubuntu/workspace/public/contact.php on line 61
[05-Sep-2016 14:29:05 UTC] PHP Stack trace:
[05-Sep-2016 14:29:05 UTC] PHP   1. {main}() /home/ubuntu/workspace/public/contact.php:0
[05-Sep-2016 15:00:13 UTC] PHP Parse error:  syntax error, unexpected '}', expecting ',' or ';' in /home/ubuntu/workspace/public/contact.php on line 57
[05-Sep-2016 16:36:50 UTC] PHP Parse error:  syntax error, unexpected 'echo' (T_ECHO) in /home/ubuntu/workspace/public/contact.php on line 58
[05-Sep-2016 16:37:07 UTC] PHP Parse error:  syntax error, unexpected '}', expecting ',' or ';' in /home/ubuntu/workspace/public/contact.php on line 63
[05-Sep-2016 16:57:07 UTC] PHP Parse error:  syntax error, unexpected ',' in /home/ubuntu/workspace/public/contact.php on line 60
[05-Sep-2016 16:59:14 UTC] PHP Parse error:  syntax error, unexpected 'else' (T_ELSE) in /home/ubuntu/workspace/public/contact.php on line 61
[05-Sep-2016 16:59:39 UTC] PHP Parse error:  syntax error, unexpected 'else' (T_ELSE) in /home/ubuntu/workspace/public/contact.php on line 61
[05-Sep-2016 16:59:52 UTC] PHP Parse error:  syntax error, unexpected 'else' (T_ELSE) in /home/ubuntu/workspace/public/contact.php on line 61
[05-Sep-2016 16:59:55 UTC] PHP Parse error:  syntax error, unexpected 'else' (T_ELSE) in /home/ubuntu/workspace/public/contact.php on line 61
[06-Sep-2016 18:37:35 UTC] PHP Parse error:  syntax error, unexpected '=' in /home/ubuntu/workspace/resources/backend/controllers/mailController.php on line 7
[06-Sep-2016 18:37:35 UTC] PHP Stack trace:
[06-Sep-2016 18:37:35 UTC] PHP   1. {main}() /home/ubuntu/workspace/public/contact.php:0
[07-Sep-2016 06:07:05 UTC] PHP Warning:  json_decode() expects parameter 1 to be string, object given in /home/ubuntu/workspace/resources/backend/controllers/categoryController.php on line 25
[07-Sep-2016 06:07:05 UTC] PHP Stack trace:
[07-Sep-2016 06:07:05 UTC] PHP   1. {main}() /home/ubuntu/workspace/public/category.php:0
[07-Sep-2016 06:07:05 UTC] PHP   2. include() /home/ubuntu/workspace/public/category.php:36
[07-Sep-2016 06:07:05 UTC] PHP   3. categoryController->ProductsUnderCategory() /home/ubuntu/workspace/resources/templates/thumbnails_category.php:4
[07-Sep-2016 06:07:05 UTC] PHP   4. json_decode() /home/ubuntu/workspace/resources/backend/controllers/categoryController.php:25
[07-Sep-2016 06:07:05 UTC] PHP Warning:  json_decode() expects parameter 1 to be string, object given in /home/ubuntu/workspace/resources/backend/controllers/categoryController.php on line 25
[07-Sep-2016 06:07:05 UTC] PHP Stack trace:
[07-Sep-2016 06:07:05 UTC] PHP   1. {main}() /home/ubuntu/workspace/public/category.php:0
[07-Sep-2016 06:07:05 UTC] PHP   2. include() /home/ubuntu/workspace/public/category.php:36
[07-Sep-2016 06:07:05 UTC] PHP   3. categoryController->ProductsUnderCategory() /home/ubuntu/workspace/resources/templates/thumbnails_category.php:4
[07-Sep-2016 06:07:05 UTC] PHP   4. json_decode() /home/ubuntu/workspace/resources/backend/controllers/categoryController.php:25
[07-Sep-2016 08:54:36 UTC] PHP Fatal error:  Call to a member function getProductId() on a non-object in /home/ubuntu/workspace/resources/backend/controllers/productController.php on line 17
[07-Sep-2016 08:54:36 UTC] PHP Stack trace:
[07-Sep-2016 08:54:36 UTC] PHP   1. {main}() /home/ubuntu/workspace/public/index.php:0
[07-Sep-2016 08:54:36 UTC] PHP   2. include() /home/ubuntu/workspace/public/index.php:26
[07-Sep-2016 08:54:36 UTC] PHP   3. productController->simpleProductThumbnail() /home/ubuntu/workspace/resources/templates/thumbnails_index.php:22
[07-Sep-2016 08:54:58 UTC] PHP Fatal error:  Call to a member function getProductId() on a non-object in /home/ubuntu/workspace/resources/backend/controllers/productController.php on line 16
[07-Sep-2016 08:54:58 UTC] PHP Stack trace:
[07-Sep-2016 08:54:58 UTC] PHP   1. {main}() /home/ubuntu/workspace/public/index.php:0
[07-Sep-2016 08:54:58 UTC] PHP   2. include() /home/ubuntu/workspace/public/index.php:26
[07-Sep-2016 08:54:58 UTC] PHP   3. productController->simpleProductThumbnail() /home/ubuntu/workspace/resources/templates/thumbnails_index.php:22
[07-Sep-2016 08:55:00 UTC] PHP Fatal error:  Call to a member function getProductId() on a non-object in /home/ubuntu/workspace/resources/backend/controllers/productController.php on line 16
[07-Sep-2016 08:55:00 UTC] PHP Stack trace:
[07-Sep-2016 08:55:00 UTC] PHP   1. {main}() /home/ubuntu/workspace/public/index.php:0
[07-Sep-2016 08:55:00 UTC] PHP   2. include() /home/ubuntu/workspace/public/index.php:26
[07-Sep-2016 08:55:00 UTC] PHP   3. productController->simpleProductThumbnail() /home/ubuntu/workspace/resources/templates/thumbnails_index.php:22
[07-Sep-2016 09:29:05 UTC] PHP Fatal error:  Call to a member function getImage() on a non-object in /home/ubuntu/workspace/resources/templates/singleproduct.php on line 8
[07-Sep-2016 09:29:05 UTC] PHP Stack trace:
[07-Sep-2016 09:29:05 UTC] PHP   1. {main}() /home/ubuntu/workspace/public/item.php:0
[07-Sep-2016 09:29:05 UTC] PHP   2. include() /home/ubuntu/workspace/public/item.php:16
[07-Sep-2016 11:43:26 UTC] PHP Warning:  json_decode() expects parameter 1 to be string, array given in /home/ubuntu/workspace/resources/templates/thumbnails_index.php on line 6
[07-Sep-2016 11:43:26 UTC] PHP Stack trace:
[07-Sep-2016 11:43:26 UTC] PHP   1. {main}() /home/ubuntu/workspace/public/index.php:0
[07-Sep-2016 11:43:26 UTC] PHP   2. include() /home/ubuntu/workspace/public/index.php:26
[07-Sep-2016 11:43:26 UTC] PHP   3. json_decode() /home/ubuntu/workspace/resources/templates/thumbnails_index.php:6
[07-Sep-2016 11:43:26 UTC] PHP Warning:  json_decode() expects parameter 1 to be string, array given in /home/ubuntu/workspace/resources/templates/thumbnails_index.php on line 6
[07-Sep-2016 11:43:26 UTC] PHP Stack trace:
[07-Sep-2016 11:43:26 UTC] PHP   1. {main}() /home/ubuntu/workspace/public/index.php:0
[07-Sep-2016 11:43:26 UTC] PHP   2. include() /home/ubuntu/workspace/public/index.php:26
[07-Sep-2016 11:43:26 UTC] PHP   3. json_decode() /home/ubuntu/workspace/resources/templates/thumbnails_index.php:6
[07-Sep-2016 11:43:26 UTC] PHP Warning:  json_decode() expects parameter 1 to be string, array given in /home/ubuntu/workspace/resources/templates/thumbnails_index.php on line 6
[07-Sep-2016 11:43:26 UTC] PHP Stack trace:
[07-Sep-2016 11:43:26 UTC] PHP   1. {main}() /home/ubuntu/workspace/public/index.php:0
[07-Sep-2016 11:43:26 UTC] PHP   2. include() /home/ubuntu/workspace/public/index.php:26
[07-Sep-2016 11:43:26 UTC] PHP   3. json_decode() /home/ubuntu/workspace/resources/templates/thumbnails_index.php:6
[07-Sep-2016 11:45:27 UTC] PHP Warning:  json_decode() expects parameter 1 to be string, array given in /home/ubuntu/workspace/resources/templates/thumbnails_index.php on line 6
[07-Sep-2016 11:45:27 UTC] PHP Stack trace:
[07-Sep-2016 11:45:27 UTC] PHP   1. {main}() /home/ubuntu/workspace/public/index.php:0
[07-Sep-2016 11:45:27 UTC] PHP   2. include() /home/ubuntu/workspace/public/index.php:26
[07-Sep-2016 11:45:27 UTC] PHP   3. json_decode() /home/ubuntu/workspace/resources/templates/thumbnails_index.php:6
[07-Sep-2016 11:45:27 UTC] PHP Warning:  json_decode() expects parameter 1 to be string, array given in /home/ubuntu/workspace/resources/templates/thumbnails_index.php on line 6
[07-Sep-2016 11:45:27 UTC] PHP Stack trace:
[07-Sep-2016 11:45:27 UTC] PHP   1. {main}() /home/ubuntu/workspace/public/index.php:0
[07-Sep-2016 11:45:27 UTC] PHP   2. include() /home/ubuntu/workspace/public/index.php:26
[07-Sep-2016 11:45:27 UTC] PHP   3. json_decode() /home/ubuntu/workspace/resources/templates/thumbnails_index.php:6
[07-Sep-2016 11:45:27 UTC] PHP Warning:  json_decode() expects parameter 1 to be string, array given in /home/ubuntu/workspace/resources/templates/thumbnails_index.php on line 6
[07-Sep-2016 11:45:27 UTC] PHP Stack trace:
[07-Sep-2016 11:45:27 UTC] PHP   1. {main}() /home/ubuntu/workspace/public/index.php:0
[07-Sep-2016 11:45:27 UTC] PHP   2. include() /home/ubuntu/workspace/public/index.php:26
[07-Sep-2016 11:45:27 UTC] PHP   3. json_decode() /home/ubuntu/workspace/resources/templates/thumbnails_index.php:6
[08-Sep-2016 21:42:40 UTC] PHP Parse error:  syntax error, unexpected end of file in /home/ubuntu/workspace/public/category.php on line 56
[08-Sep-2016 21:43:02 UTC] PHP Parse error:  syntax error, unexpected end of file in /home/ubuntu/workspace/public/category.php on line 57
[08-Sep-2016 22:42:01 UTC] PHP Parse error:  syntax error, unexpected 'require_once' (T_REQUIRE_ONCE), expecting ',' or ';' in /home/ubuntu/workspace/resources/templates/thumbnails_index.php on line 8
[08-Sep-2016 22:42:01 UTC] PHP Stack trace:
[08-Sep-2016 22:42:01 UTC] PHP   1. {main}() /home/ubuntu/workspace/public/index.php:0
[08-Sep-2016 22:42:28 UTC] PHP Parse error:  syntax error, unexpected 'require_once' (T_REQUIRE_ONCE), expecting ',' or ';' in /home/ubuntu/workspace/resources/templates/thumbnails_index.php on line 7
[08-Sep-2016 22:42:28 UTC] PHP Stack trace:
[08-Sep-2016 22:42:28 UTC] PHP   1. {main}() /home/ubuntu/workspace/public/index.php:0
[08-Sep-2016 23:34:34 UTC] PHP Warning:  require(): Filename cannot be empty in /home/ubuntu/workspace/resources/templates/head.php on line 37
[08-Sep-2016 23:34:34 UTC] PHP Stack trace:
[08-Sep-2016 23:34:34 UTC] PHP   1. {main}() /home/ubuntu/workspace/public/index.php:0
[08-Sep-2016 23:34:34 UTC] PHP   2. include() /home/ubuntu/workspace/public/index.php:5
[08-Sep-2016 23:34:34 UTC] PHP Fatal error:  require(): Failed opening required '' (include_path='.:/usr/share/php:/usr/share/pear') in /home/ubuntu/workspace/resources/templates/head.php on line 37
[08-Sep-2016 23:34:34 UTC] PHP Stack trace:
[08-Sep-2016 23:34:34 UTC] PHP   1. {main}() /home/ubuntu/workspace/public/index.php:0
[08-Sep-2016 23:34:34 UTC] PHP   2. include() /home/ubuntu/workspace/public/index.php:5
[09-Sep-2016 11:58:39 UTC] PHP Warning:  require_once(/../resources/backend/controllers/cartController.php): failed to open stream: No such file or directory in /home/ubuntu/workspace/public/cart.php on line 30
[09-Sep-2016 11:58:39 UTC] PHP Stack trace:
[09-Sep-2016 11:58:39 UTC] PHP   1. {main}() /home/ubuntu/workspace/public/cart.php:0
[09-Sep-2016 11:58:39 UTC] PHP Fatal error:  require_once(): Failed opening required '/../resources/backend/controllers/cartController.php' (include_path='.:/usr/share/php:/usr/share/pear') in /home/ubuntu/workspace/public/cart.php on line 30
[09-Sep-2016 11:58:39 UTC] PHP Stack trace:
[09-Sep-2016 11:58:39 UTC] PHP   1. {main}() /home/ubuntu/workspace/public/cart.php:0
[09-Sep-2016 11:59:27 UTC] PHP Warning:  require_once(/resources/backend/controllers/cartController.php): failed to open stream: No such file or directory in /home/ubuntu/workspace/public/cart.php on line 30
[09-Sep-2016 11:59:27 UTC] PHP Stack trace:
[09-Sep-2016 11:59:27 UTC] PHP   1. {main}() /home/ubuntu/workspace/public/cart.php:0
[09-Sep-2016 11:59:27 UTC] PHP Fatal error:  require_once(): Failed opening required '/resources/backend/controllers/cartController.php' (include_path='.:/usr/share/php:/usr/share/pear') in /home/ubuntu/workspace/public/cart.php on line 30
[09-Sep-2016 11:59:27 UTC] PHP Stack trace:
[09-Sep-2016 11:59:27 UTC] PHP   1. {main}() /home/ubuntu/workspace/public/cart.php:0
[09-Sep-2016 12:00:36 UTC] PHP Warning:  require_once(/resources/backend/controllers/cartController.php): failed to open stream: No such file or directory in /home/ubuntu/workspace/public/cart.php on line 30
[09-Sep-2016 12:00:36 UTC] PHP Stack trace:
[09-Sep-2016 12:00:36 UTC] PHP   1. {main}() /home/ubuntu/workspace/public/cart.php:0
[09-Sep-2016 12:00:36 UTC] PHP Fatal error:  require_once(): Failed opening required '/resources/backend/controllers/cartController.php' (include_path='.:/usr/share/php:/usr/share/pear') in /home/ubuntu/workspace/public/cart.php on line 30
[09-Sep-2016 12:00:36 UTC] PHP Stack trace:
[09-Sep-2016 12:00:36 UTC] PHP   1. {main}() /home/ubuntu/workspace/public/cart.php:0
[09-Sep-2016 12:01:22 UTC] PHP Warning:  require_once(/../resources/backend/controllers/cartController.php): failed to open stream: No such file or directory in /home/ubuntu/workspace/public/cart.php on line 30
[09-Sep-2016 12:01:22 UTC] PHP Stack trace:
[09-Sep-2016 12:01:22 UTC] PHP   1. {main}() /home/ubuntu/workspace/public/cart.php:0
[09-Sep-2016 12:01:22 UTC] PHP Fatal error:  require_once(): Failed opening required '/../resources/backend/controllers/cartController.php' (include_path='.:/usr/share/php:/usr/share/pear') in /home/ubuntu/workspace/public/cart.php on line 30
[09-Sep-2016 12:01:22 UTC] PHP Stack trace:
[09-Sep-2016 12:01:22 UTC] PHP   1. {main}() /home/ubuntu/workspace/public/cart.php:0
