[15-Sep-2016 13:02:14 UTC] PHP Fatal error:  Class 'Slide' not found in /home/ubuntu/workspace/resources/backend/entities/Database.php on line 58
[15-Sep-2016 13:02:14 UTC] PHP Stack trace:
[15-Sep-2016 13:02:14 UTC] PHP   1. {main}() /home/ubuntu/workspace/resources/backend/entities/Database.php:0
[15-Sep-2016 13:02:14 UTC] PHP   2. Database->getAllSlides() /home/ubuntu/workspace/resources/backend/entities/Database.php:78
[15-Sep-2016 13:02:45 UTC] PHP Fatal error:  Class Slide contains 1 abstract method and must therefore be declared abstract or implement the remaining methods (JsonSerializable::jsonSerialize) in /home/ubuntu/workspace/resources/backend/entities/Slide.php on line 19
[15-Sep-2016 13:02:45 UTC] PHP Stack trace:
[15-Sep-2016 13:02:45 UTC] PHP   1. {main}() /home/ubuntu/workspace/resources/backend/entities/Database.php:0
[15-Sep-2016 13:02:45 UTC] PHP   2. require_once() /home/ubuntu/workspace/resources/backend/entities/Database.php:6
[15-Sep-2016 13:38:39 UTC] PHP Warning:  require_once(Slide.php): failed to open stream: No such file or directory in /home/ubuntu/workspace/resources/backend/entities/Database.php on line 6
[15-Sep-2016 13:38:39 UTC] PHP Stack trace:
[15-Sep-2016 13:38:39 UTC] PHP   1. {main}() /home/ubuntu/workspace/resources/backend/webservices/isLoggedIn.php:0
[15-Sep-2016 13:38:39 UTC] PHP   2. require_once() /home/ubuntu/workspace/resources/backend/webservices/isLoggedIn.php:5
[15-Sep-2016 13:38:39 UTC] PHP   3. require_once() /home/ubuntu/workspace/resources/backend/controllers/userController.php:4
[15-Sep-2016 13:38:39 UTC] PHP   4. require_once() /home/ubuntu/workspace/resources/backend/entities/User.php:2
[15-Sep-2016 13:38:39 UTC] PHP Fatal error:  require_once(): Failed opening required 'Slide.php' (include_path='.:/usr/share/php:/usr/share/pear') in /home/ubuntu/workspace/resources/backend/entities/Database.php on line 6
[15-Sep-2016 13:38:39 UTC] PHP Stack trace:
[15-Sep-2016 13:38:39 UTC] PHP   1. {main}() /home/ubuntu/workspace/resources/backend/webservices/isLoggedIn.php:0
[15-Sep-2016 13:38:39 UTC] PHP   2. require_once() /home/ubuntu/workspace/resources/backend/webservices/isLoggedIn.php:5
[15-Sep-2016 13:38:39 UTC] PHP   3. require_once() /home/ubuntu/workspace/resources/backend/controllers/userController.php:4
[15-Sep-2016 13:38:39 UTC] PHP   4. require_once() /home/ubuntu/workspace/resources/backend/entities/User.php:2
[15-Sep-2016 13:38:46 UTC] PHP Warning:  require_once(Slide.php): failed to open stream: No such file or directory in /home/ubuntu/workspace/resources/backend/entities/Database.php on line 6
[15-Sep-2016 13:38:46 UTC] PHP Stack trace:
[15-Sep-2016 13:38:46 UTC] PHP   1. {main}() /home/ubuntu/workspace/resources/backend/webservices/isLoggedIn.php:0
[15-Sep-2016 13:38:46 UTC] PHP   2. require_once() /home/ubuntu/workspace/resources/backend/webservices/isLoggedIn.php:5
[15-Sep-2016 13:38:46 UTC] PHP   3. require_once() /home/ubuntu/workspace/resources/backend/controllers/userController.php:4
[15-Sep-2016 13:38:46 UTC] PHP   4. require_once() /home/ubuntu/workspace/resources/backend/entities/User.php:2
[15-Sep-2016 13:38:46 UTC] PHP Fatal error:  require_once(): Failed opening required 'Slide.php' (include_path='.:/usr/share/php:/usr/share/pear') in /home/ubuntu/workspace/resources/backend/entities/Database.php on line 6
[15-Sep-2016 13:38:46 UTC] PHP Stack trace:
[15-Sep-2016 13:38:46 UTC] PHP   1. {main}() /home/ubuntu/workspace/resources/backend/webservices/isLoggedIn.php:0
[15-Sep-2016 13:38:46 UTC] PHP   2. require_once() /home/ubuntu/workspace/resources/backend/webservices/isLoggedIn.php:5
[15-Sep-2016 13:38:46 UTC] PHP   3. require_once() /home/ubuntu/workspace/resources/backend/controllers/userController.php:4
[15-Sep-2016 13:38:46 UTC] PHP   4. require_once() /home/ubuntu/workspace/resources/backend/entities/User.php:2
[15-Sep-2016 13:38:47 UTC] PHP Warning:  require_once(Slide.php): failed to open stream: No such file or directory in /home/ubuntu/workspace/resources/backend/entities/Database.php on line 6
[15-Sep-2016 13:38:47 UTC] PHP Stack trace:
[15-Sep-2016 13:38:47 UTC] PHP   1. {main}() /home/ubuntu/workspace/resources/backend/webservices/isLoggedIn.php:0
[15-Sep-2016 13:38:47 UTC] PHP   2. require_once() /home/ubuntu/workspace/resources/backend/webservices/isLoggedIn.php:5
[15-Sep-2016 13:38:47 UTC] PHP   3. require_once() /home/ubuntu/workspace/resources/backend/controllers/userController.php:4
[15-Sep-2016 13:38:47 UTC] PHP   4. require_once() /home/ubuntu/workspace/resources/backend/entities/User.php:2
[15-Sep-2016 13:38:47 UTC] PHP Fatal error:  require_once(): Failed opening required 'Slide.php' (include_path='.:/usr/share/php:/usr/share/pear') in /home/ubuntu/workspace/resources/backend/entities/Database.php on line 6
[15-Sep-2016 13:38:47 UTC] PHP Stack trace:
[15-Sep-2016 13:38:47 UTC] PHP   1. {main}() /home/ubuntu/workspace/resources/backend/webservices/isLoggedIn.php:0
[15-Sep-2016 13:38:47 UTC] PHP   2. require_once() /home/ubuntu/workspace/resources/backend/webservices/isLoggedIn.php:5
[15-Sep-2016 13:38:47 UTC] PHP   3. require_once() /home/ubuntu/workspace/resources/backend/controllers/userController.php:4
[15-Sep-2016 13:38:47 UTC] PHP   4. require_once() /home/ubuntu/workspace/resources/backend/entities/User.php:2
[15-Sep-2016 13:38:50 UTC] PHP Warning:  require_once(Slide.php): failed to open stream: No such file or directory in /home/ubuntu/workspace/resources/backend/entities/Database.php on line 6
[15-Sep-2016 13:38:50 UTC] PHP Stack trace:
[15-Sep-2016 13:38:50 UTC] PHP   1. {main}() /home/ubuntu/workspace/resources/backend/webservices/isLoggedIn.php:0
[15-Sep-2016 13:38:50 UTC] PHP   2. require_once() /home/ubuntu/workspace/resources/backend/webservices/isLoggedIn.php:5
[15-Sep-2016 13:38:50 UTC] PHP   3. require_once() /home/ubuntu/workspace/resources/backend/controllers/userController.php:4
[15-Sep-2016 13:38:50 UTC] PHP   4. require_once() /home/ubuntu/workspace/resources/backend/entities/User.php:2
[15-Sep-2016 13:38:50 UTC] PHP Fatal error:  require_once(): Failed opening required 'Slide.php' (include_path='.:/usr/share/php:/usr/share/pear') in /home/ubuntu/workspace/resources/backend/entities/Database.php on line 6
[15-Sep-2016 13:38:50 UTC] PHP Stack trace:
[15-Sep-2016 13:38:50 UTC] PHP   1. {main}() /home/ubuntu/workspace/resources/backend/webservices/isLoggedIn.php:0
[15-Sep-2016 13:38:50 UTC] PHP   2. require_once() /home/ubuntu/workspace/resources/backend/webservices/isLoggedIn.php:5
[15-Sep-2016 13:38:50 UTC] PHP   3. require_once() /home/ubuntu/workspace/resources/backend/controllers/userController.php:4
[15-Sep-2016 13:38:50 UTC] PHP   4. require_once() /home/ubuntu/workspace/resources/backend/entities/User.php:2
[15-Sep-2016 13:39:20 UTC] PHP Warning:  require_once(Slide.php): failed to open stream: No such file or directory in /home/ubuntu/workspace/resources/backend/entities/Database.php on line 6
[15-Sep-2016 13:39:20 UTC] PHP Stack trace:
[15-Sep-2016 13:39:20 UTC] PHP   1. {main}() /home/ubuntu/workspace/resources/backend/webservices/isLoggedIn.php:0
[15-Sep-2016 13:39:20 UTC] PHP   2. require_once() /home/ubuntu/workspace/resources/backend/webservices/isLoggedIn.php:5
[15-Sep-2016 13:39:20 UTC] PHP   3. require_once() /home/ubuntu/workspace/resources/backend/controllers/userController.php:4
[15-Sep-2016 13:39:20 UTC] PHP   4. require_once() /home/ubuntu/workspace/resources/backend/entities/User.php:2
[15-Sep-2016 13:39:20 UTC] PHP Fatal error:  require_once(): Failed opening required 'Slide.php' (include_path='.:/usr/share/php:/usr/share/pear') in /home/ubuntu/workspace/resources/backend/entities/Database.php on line 6
[15-Sep-2016 13:39:20 UTC] PHP Stack trace:
[15-Sep-2016 13:39:20 UTC] PHP   1. {main}() /home/ubuntu/workspace/resources/backend/webservices/isLoggedIn.php:0
[15-Sep-2016 13:39:20 UTC] PHP   2. require_once() /home/ubuntu/workspace/resources/backend/webservices/isLoggedIn.php:5
[15-Sep-2016 13:39:20 UTC] PHP   3. require_once() /home/ubuntu/workspace/resources/backend/controllers/userController.php:4
[15-Sep-2016 13:39:20 UTC] PHP   4. require_once() /home/ubuntu/workspace/resources/backend/entities/User.php:2
[15-Sep-2016 14:06:23 UTC] PHP Fatal error:  Class 'Database' not found in /home/ubuntu/workspace/resources/backend/entities/Product.php on line 65
[15-Sep-2016 14:06:23 UTC] PHP Stack trace:
[15-Sep-2016 14:06:23 UTC] PHP   1. {main}() /home/ubuntu/workspace/resources/backend/webservices/isLoggedIn.php:0
[15-Sep-2016 14:06:23 UTC] PHP   2. require_once() /home/ubuntu/workspace/resources/backend/webservices/isLoggedIn.php:5
[15-Sep-2016 14:06:23 UTC] PHP   3. require_once() /home/ubuntu/workspace/resources/backend/controllers/userController.php:4
[15-Sep-2016 14:06:23 UTC] PHP   4. require_once() /home/ubuntu/workspace/resources/backend/entities/User.php:2
[15-Sep-2016 14:06:23 UTC] PHP   5. require_once() /home/ubuntu/workspace/resources/backend/entities/Database.php:4
[15-Sep-2016 14:06:23 UTC] PHP   6. Product->save() /home/ubuntu/workspace/resources/backend/entities/Product.php:154
[15-Sep-2016 14:06:29 UTC] PHP Fatal error:  Class 'Database' not found in /home/ubuntu/workspace/resources/backend/entities/Product.php on line 65
[15-Sep-2016 14:06:29 UTC] PHP Stack trace:
[15-Sep-2016 14:06:29 UTC] PHP   1. {main}() /home/ubuntu/workspace/resources/backend/webservices/isLoggedIn.php:0
[15-Sep-2016 14:06:29 UTC] PHP   2. require_once() /home/ubuntu/workspace/resources/backend/webservices/isLoggedIn.php:5
[15-Sep-2016 14:06:29 UTC] PHP   3. require_once() /home/ubuntu/workspace/resources/backend/controllers/userController.php:4
[15-Sep-2016 14:06:29 UTC] PHP   4. require_once() /home/ubuntu/workspace/resources/backend/entities/User.php:2
[15-Sep-2016 14:06:29 UTC] PHP   5. require_once() /home/ubuntu/workspace/resources/backend/entities/Database.php:4
[15-Sep-2016 14:06:29 UTC] PHP   6. Product->save() /home/ubuntu/workspace/resources/backend/entities/Product.php:154
[15-Sep-2016 14:20:53 UTC] PHP Warning:  unlink(/resources/uploads/text.png): No such file or directory in /home/ubuntu/workspace/resources/backend/entities/Product.php on line 153
[15-Sep-2016 14:20:53 UTC] PHP Stack trace:
[15-Sep-2016 14:20:53 UTC] PHP   1. {main}() /home/ubuntu/workspace/resources/backend/entities/Product.php:0
[15-Sep-2016 14:20:53 UTC] PHP   2. unlink() /home/ubuntu/workspace/resources/backend/entities/Product.php:153
[15-Sep-2016 14:22:58 UTC] PHP Warning:  unlink(/../../uploads/text.png): No such file or directory in /home/ubuntu/workspace/resources/backend/entities/Product.php on line 153
[15-Sep-2016 14:22:58 UTC] PHP Stack trace:
[15-Sep-2016 14:22:58 UTC] PHP   1. {main}() /home/ubuntu/workspace/resources/backend/entities/Product.php:0
[15-Sep-2016 14:22:58 UTC] PHP   2. unlink() /home/ubuntu/workspace/resources/backend/entities/Product.php:153
[15-Sep-2016 14:24:01 UTC] PHP Warning:  unlink(/home/ubuntu/workspace/resources/backend/entities/Product.php/../../uploads/text.png): Not a directory in /home/ubuntu/workspace/resources/backend/entities/Product.php on line 153
[15-Sep-2016 14:24:01 UTC] PHP Stack trace:
[15-Sep-2016 14:24:01 UTC] PHP   1. {main}() /home/ubuntu/workspace/resources/backend/entities/Product.php:0
[15-Sep-2016 14:24:01 UTC] PHP   2. unlink() /home/ubuntu/workspace/resources/backend/entities/Product.php:153
[15-Sep-2016 14:26:02 UTC] PHP Warning:  unlink(/home/ubuntu/workspace/resources/backend/entities/Product.php/../../uploads/text.png): Not a directory in /home/ubuntu/workspace/resources/backend/entities/Product.php on line 153
[15-Sep-2016 14:26:02 UTC] PHP Stack trace:
[15-Sep-2016 14:26:02 UTC] PHP   1. {main}() /home/ubuntu/workspace/resources/backend/entities/Product.php:0
[15-Sep-2016 14:26:02 UTC] PHP   2. unlink() /home/ubuntu/workspace/resources/backend/entities/Product.php:153
[15-Sep-2016 14:26:31 UTC] PHP Warning:  unlink(/home/ubuntu/workspace/resources/backend/entities/Product.php../../uploads/text.png): No such file or directory in /home/ubuntu/workspace/resources/backend/entities/Product.php on line 153
[15-Sep-2016 14:26:31 UTC] PHP Stack trace:
[15-Sep-2016 14:26:31 UTC] PHP   1. {main}() /home/ubuntu/workspace/resources/backend/entities/Product.php:0
[15-Sep-2016 14:26:31 UTC] PHP   2. unlink() /home/ubuntu/workspace/resources/backend/entities/Product.php:153
[15-Sep-2016 14:27:50 UTC] PHP Warning:  unlink(../uploads/text.png): No such file or directory in /home/ubuntu/workspace/resources/backend/entities/Product.php on line 153
[15-Sep-2016 14:27:50 UTC] PHP Stack trace:
[15-Sep-2016 14:27:50 UTC] PHP   1. {main}() /home/ubuntu/workspace/resources/backend/entities/Product.php:0
[15-Sep-2016 14:27:50 UTC] PHP   2. unlink() /home/ubuntu/workspace/resources/backend/entities/Product.php:153
[15-Sep-2016 14:28:11 UTC] PHP Warning:  unlink(/home/ubuntu/workspace/resources/backend/entities/Product.php/../uploads/text.png): Not a directory in /home/ubuntu/workspace/resources/backend/entities/Product.php on line 153
[15-Sep-2016 14:28:11 UTC] PHP Stack trace:
[15-Sep-2016 14:28:11 UTC] PHP   1. {main}() /home/ubuntu/workspace/resources/backend/entities/Product.php:0
[15-Sep-2016 14:28:11 UTC] PHP   2. unlink() /home/ubuntu/workspace/resources/backend/entities/Product.php:153
[15-Sep-2016 14:28:50 UTC] PHP Warning:  unlink(/home/ubuntu/workspace/resources/backend/entities/Product.php/../../uploads/text.png): Not a directory in /home/ubuntu/workspace/resources/backend/entities/Product.php on line 153
[15-Sep-2016 14:28:50 UTC] PHP Stack trace:
[15-Sep-2016 14:28:50 UTC] PHP   1. {main}() /home/ubuntu/workspace/resources/backend/entities/Product.php:0
[15-Sep-2016 14:28:50 UTC] PHP   2. unlink() /home/ubuntu/workspace/resources/backend/entities/Product.php:153
[15-Sep-2016 14:29:59 UTC] PHP Warning:  unlink(/home/ubuntu/workspace/resources/backend/entities/Product.php/resources/uploads/text.png): Not a directory in /home/ubuntu/workspace/resources/backend/entities/Product.php on line 153
[15-Sep-2016 14:29:59 UTC] PHP Stack trace:
[15-Sep-2016 14:29:59 UTC] PHP   1. {main}() /home/ubuntu/workspace/resources/backend/entities/Product.php:0
[15-Sep-2016 14:29:59 UTC] PHP   2. unlink() /home/ubuntu/workspace/resources/backend/entities/Product.php:153
[15-Sep-2016 14:59:14 UTC] PHP Warning:  unlink(./resources/uploads/text.png): No such file or directory in /home/ubuntu/workspace/resources/backend/entities/Product.php on line 153
[15-Sep-2016 14:59:14 UTC] PHP Stack trace:
[15-Sep-2016 14:59:14 UTC] PHP   1. {main}() /home/ubuntu/workspace/resources/backend/entities/Product.php:0
[15-Sep-2016 14:59:14 UTC] PHP   2. unlink() /home/ubuntu/workspace/resources/backend/entities/Product.php:153
[15-Sep-2016 14:59:25 UTC] PHP Warning:  unlink(resources/uploads/text.png): No such file or directory in /home/ubuntu/workspace/resources/backend/entities/Product.php on line 153
[15-Sep-2016 14:59:25 UTC] PHP Stack trace:
[15-Sep-2016 14:59:25 UTC] PHP   1. {main}() /home/ubuntu/workspace/resources/backend/entities/Product.php:0
[15-Sep-2016 14:59:25 UTC] PHP   2. unlink() /home/ubuntu/workspace/resources/backend/entities/Product.php:153
[15-Sep-2016 15:03:03 UTC] PHP Warning:  unlink(Array/resources/uploads/text.png): No such file or directory in /home/ubuntu/workspace/resources/backend/entities/Product.php on line 154
[15-Sep-2016 15:03:03 UTC] PHP Stack trace:
[15-Sep-2016 15:03:03 UTC] PHP   1. {main}() /home/ubuntu/workspace/resources/backend/entities/Product.php:0
[15-Sep-2016 15:03:03 UTC] PHP   2. unlink() /home/ubuntu/workspace/resources/backend/entities/Product.php:154
[15-Sep-2016 15:04:58 UTC] PHP Warning:  unlink(Array/resources/uploads/text.png): No such file or directory in /home/ubuntu/workspace/resources/backend/entities/Product.php on line 154
[15-Sep-2016 15:04:58 UTC] PHP Stack trace:
[15-Sep-2016 15:04:58 UTC] PHP   1. {main}() /home/ubuntu/workspace/resources/backend/entities/Product.php:0
[15-Sep-2016 15:04:58 UTC] PHP   2. unlink() /home/ubuntu/workspace/resources/backend/entities/Product.php:154
[15-Sep-2016 15:06:44 UTC] PHP Warning:  unlink(Array/resources/uploads/text.png): No such file or directory in /home/ubuntu/workspace/resources/backend/entities/Product.php on line 155
[15-Sep-2016 15:06:44 UTC] PHP Stack trace:
[15-Sep-2016 15:06:44 UTC] PHP   1. {main}() /home/ubuntu/workspace/resources/backend/entities/Product.php:0
[15-Sep-2016 15:06:44 UTC] PHP   2. unlink() /home/ubuntu/workspace/resources/backend/entities/Product.php:155
[15-Sep-2016 15:07:02 UTC] PHP Warning:  unlink(Array/resources/uploads/text.png): No such file or directory in /home/ubuntu/workspace/resources/backend/entities/Product.php on line 155
[15-Sep-2016 15:07:02 UTC] PHP Stack trace:
[15-Sep-2016 15:07:02 UTC] PHP   1. {main}() /home/ubuntu/workspace/resources/backend/entities/Product.php:0
[15-Sep-2016 15:07:02 UTC] PHP   2. unlink() /home/ubuntu/workspace/resources/backend/entities/Product.php:155
[15-Sep-2016 15:07:05 UTC] PHP Warning:  unlink(Array/resources/uploads/text.png): No such file or directory in /home/ubuntu/workspace/resources/backend/entities/Product.php on line 155
[15-Sep-2016 15:07:05 UTC] PHP Stack trace:
[15-Sep-2016 15:07:05 UTC] PHP   1. {main}() /home/ubuntu/workspace/resources/backend/entities/Product.php:0
[15-Sep-2016 15:07:05 UTC] PHP   2. unlink() /home/ubuntu/workspace/resources/backend/entities/Product.php:155
[15-Sep-2016 15:10:00 UTC] PHP Warning:  unlink(/../x.php): No such file or directory in /home/ubuntu/workspace/resources/backend/entities/Product.php on line 153
[15-Sep-2016 15:10:00 UTC] PHP Stack trace:
[15-Sep-2016 15:10:00 UTC] PHP   1. {main}() /home/ubuntu/workspace/resources/backend/entities/Product.php:0
[15-Sep-2016 15:10:00 UTC] PHP   2. unlink() /home/ubuntu/workspace/resources/backend/entities/Product.php:153
[15-Sep-2016 15:13:34 UTC] PHP Warning:  unlink(/home/ubuntu/workspace/resources/backend/entities/../uploads/x.php): No such file or directory in /home/ubuntu/workspace/resources/backend/entities/Product.php on line 153
[15-Sep-2016 15:13:34 UTC] PHP Stack trace:
[15-Sep-2016 15:13:34 UTC] PHP   1. {main}() /home/ubuntu/workspace/resources/backend/entities/Product.php:0
[15-Sep-2016 15:13:34 UTC] PHP   2. unlink() /home/ubuntu/workspace/resources/backend/entities/Product.php:153
[15-Sep-2016 15:14:51 UTC] PHP Warning:  unlink(/resources/x.php): No such file or directory in /home/ubuntu/workspace/resources/backend/entities/Product.php on line 153
[15-Sep-2016 15:14:51 UTC] PHP Stack trace:
[15-Sep-2016 15:14:51 UTC] PHP   1. {main}() /home/ubuntu/workspace/resources/backend/entities/Product.php:0
[15-Sep-2016 15:14:51 UTC] PHP   2. unlink() /home/ubuntu/workspace/resources/backend/entities/Product.php:153
[15-Sep-2016 15:15:12 UTC] PHP Warning:  unlink(/x.php): No such file or directory in /home/ubuntu/workspace/resources/backend/entities/Product.php on line 153
[15-Sep-2016 15:15:12 UTC] PHP Stack trace:
[15-Sep-2016 15:15:12 UTC] PHP   1. {main}() /home/ubuntu/workspace/resources/backend/entities/Product.php:0
[15-Sep-2016 15:15:12 UTC] PHP   2. unlink() /home/ubuntu/workspace/resources/backend/entities/Product.php:153
[16-Sep-2016 10:42:30 UTC] PHP Warning:  unlink(/public/x.php): No such file or directory in /home/ubuntu/workspace/resources/backend/entities/Product.php on line 152
[16-Sep-2016 10:42:30 UTC] PHP Stack trace:
[16-Sep-2016 10:42:30 UTC] PHP   1. {main}() /home/ubuntu/workspace/resources/backend/entities/Product.php:0
[16-Sep-2016 10:42:30 UTC] PHP   2. unlink() /home/ubuntu/workspace/resources/backend/entities/Product.php:152
[16-Sep-2016 10:56:56 UTC] PHP Warning:  unlink(/home/ubuntu/workspace/resources/backend/entitiesx.php): No such file or directory in /home/ubuntu/workspace/resources/backend/entities/Product.php on line 152
[16-Sep-2016 10:56:56 UTC] PHP Stack trace:
[16-Sep-2016 10:56:56 UTC] PHP   1. {main}() /home/ubuntu/workspace/resources/backend/entities/Product.php:0
[16-Sep-2016 10:56:56 UTC] PHP   2. unlink() /home/ubuntu/workspace/resources/backend/entities/Product.php:152
[16-Sep-2016 11:02:02 UTC] PHP Warning:  unlink(x.php): No such file or directory in /home/ubuntu/workspace/resources/backend/entities/Product.php on line 152
[16-Sep-2016 11:02:02 UTC] PHP Stack trace:
[16-Sep-2016 11:02:02 UTC] PHP   1. {main}() /home/ubuntu/workspace/resources/backend/webservices/isLoggedIn.php:0
[16-Sep-2016 11:02:02 UTC] PHP   2. require_once() /home/ubuntu/workspace/resources/backend/webservices/isLoggedIn.php:5
[16-Sep-2016 11:02:02 UTC] PHP   3. require_once() /home/ubuntu/workspace/resources/backend/controllers/userController.php:4
[16-Sep-2016 11:02:02 UTC] PHP   4. require_once() /home/ubuntu/workspace/resources/backend/entities/User.php:2
[16-Sep-2016 11:02:02 UTC] PHP   5. require_once() /home/ubuntu/workspace/resources/backend/entities/Database.php:4
[16-Sep-2016 11:02:02 UTC] PHP   6. unlink() /home/ubuntu/workspace/resources/backend/entities/Product.php:152
[16-Sep-2016 11:02:19 UTC] PHP Warning:  unlink(x.php): No such file or directory in /home/ubuntu/workspace/resources/backend/entities/Product.php on line 152
[16-Sep-2016 11:02:19 UTC] PHP Stack trace:
[16-Sep-2016 11:02:19 UTC] PHP   1. {main}() /home/ubuntu/workspace/resources/backend/webservices/isLoggedIn.php:0
[16-Sep-2016 11:02:19 UTC] PHP   2. require_once() /home/ubuntu/workspace/resources/backend/webservices/isLoggedIn.php:5
[16-Sep-2016 11:02:19 UTC] PHP   3. require_once() /home/ubuntu/workspace/resources/backend/controllers/userController.php:4
[16-Sep-2016 11:02:19 UTC] PHP   4. require_once() /home/ubuntu/workspace/resources/backend/entities/User.php:2
[16-Sep-2016 11:02:19 UTC] PHP   5. require_once() /home/ubuntu/workspace/resources/backend/entities/Database.php:4
[16-Sep-2016 11:02:19 UTC] PHP   6. unlink() /home/ubuntu/workspace/resources/backend/entities/Product.php:152
[16-Sep-2016 11:02:27 UTC] PHP Warning:  unlink(x.php): No such file or directory in /home/ubuntu/workspace/resources/backend/entities/Product.php on line 152
[16-Sep-2016 11:02:27 UTC] PHP Stack trace:
[16-Sep-2016 11:02:27 UTC] PHP   1. {main}() /home/ubuntu/workspace/resources/backend/webservices/isLoggedIn.php:0
[16-Sep-2016 11:02:27 UTC] PHP   2. require_once() /home/ubuntu/workspace/resources/backend/webservices/isLoggedIn.php:5
[16-Sep-2016 11:02:27 UTC] PHP   3. require_once() /home/ubuntu/workspace/resources/backend/controllers/userController.php:4
[16-Sep-2016 11:02:27 UTC] PHP   4. require_once() /home/ubuntu/workspace/resources/backend/entities/User.php:2
[16-Sep-2016 11:02:27 UTC] PHP   5. require_once() /home/ubuntu/workspace/resources/backend/entities/Database.php:4
[16-Sep-2016 11:02:27 UTC] PHP   6. unlink() /home/ubuntu/workspace/resources/backend/entities/Product.php:152
[16-Sep-2016 11:02:41 UTC] PHP Warning:  unlink(x.php): No such file or directory in /home/ubuntu/workspace/resources/backend/entities/Product.php on line 152
[16-Sep-2016 11:02:41 UTC] PHP Stack trace:
[16-Sep-2016 11:02:41 UTC] PHP   1. {main}() /home/ubuntu/workspace/resources/backend/webservices/isLoggedIn.php:0
[16-Sep-2016 11:02:41 UTC] PHP   2. require_once() /home/ubuntu/workspace/resources/backend/webservices/isLoggedIn.php:5
[16-Sep-2016 11:02:41 UTC] PHP   3. require_once() /home/ubuntu/workspace/resources/backend/controllers/userController.php:4
[16-Sep-2016 11:02:41 UTC] PHP   4. require_once() /home/ubuntu/workspace/resources/backend/entities/User.php:2
[16-Sep-2016 11:02:41 UTC] PHP   5. require_once() /home/ubuntu/workspace/resources/backend/entities/Database.php:4
[16-Sep-2016 11:02:41 UTC] PHP   6. unlink() /home/ubuntu/workspace/resources/backend/entities/Product.php:152
[16-Sep-2016 11:02:47 UTC] PHP Warning:  unlink(x.php): No such file or directory in /home/ubuntu/workspace/resources/backend/entities/Product.php on line 152
[16-Sep-2016 11:02:47 UTC] PHP Stack trace:
[16-Sep-2016 11:02:47 UTC] PHP   1. {main}() /home/ubuntu/workspace/resources/backend/webservices/isLoggedIn.php:0
[16-Sep-2016 11:02:47 UTC] PHP   2. require_once() /home/ubuntu/workspace/resources/backend/webservices/isLoggedIn.php:5
[16-Sep-2016 11:02:47 UTC] PHP   3. require_once() /home/ubuntu/workspace/resources/backend/controllers/userController.php:4
[16-Sep-2016 11:02:47 UTC] PHP   4. require_once() /home/ubuntu/workspace/resources/backend/entities/User.php:2
[16-Sep-2016 11:02:47 UTC] PHP   5. require_once() /home/ubuntu/workspace/resources/backend/entities/Database.php:4
[16-Sep-2016 11:02:47 UTC] PHP   6. unlink() /home/ubuntu/workspace/resources/backend/entities/Product.php:152
[16-Sep-2016 11:03:58 UTC] PHP Warning:  unlink(x.php): No such file or directory in /home/ubuntu/workspace/resources/backend/entities/Product.php on line 152
[16-Sep-2016 11:03:58 UTC] PHP Stack trace:
[16-Sep-2016 11:03:58 UTC] PHP   1. {main}() /home/ubuntu/workspace/resources/backend/webservices/isLoggedIn.php:0
[16-Sep-2016 11:03:58 UTC] PHP   2. require_once() /home/ubuntu/workspace/resources/backend/webservices/isLoggedIn.php:5
[16-Sep-2016 11:03:58 UTC] PHP   3. require_once() /home/ubuntu/workspace/resources/backend/controllers/userController.php:4
[16-Sep-2016 11:03:58 UTC] PHP   4. require_once() /home/ubuntu/workspace/resources/backend/entities/User.php:2
[16-Sep-2016 11:03:58 UTC] PHP   5. require_once() /home/ubuntu/workspace/resources/backend/entities/Database.php:4
[16-Sep-2016 11:03:58 UTC] PHP   6. unlink() /home/ubuntu/workspace/resources/backend/entities/Product.php:152
