[13-Sep-2016 20:09:53 UTC] PHP Fatal error:  Class 'orderController' not found in /home/ubuntu/workspace/public/admin/delete_product.php on line 3
[13-Sep-2016 20:09:53 UTC] PHP Stack trace:
[13-Sep-2016 20:09:53 UTC] PHP   1. {main}() /home/ubuntu/workspace/public/admin/delete_product.php:0
[13-Sep-2016 20:22:29 UTC] PHP Fatal error:  Class 'orderController' not found in /home/ubuntu/workspace/public/admin/delete_product.php on line 3
[13-Sep-2016 20:22:29 UTC] PHP Stack trace:
[13-Sep-2016 20:22:29 UTC] PHP   1. {main}() /home/ubuntu/workspace/public/admin/delete_product.php:0
[13-Sep-2016 20:25:05 UTC] PHP Fatal error:  Class 'orderController' not found in /home/ubuntu/workspace/public/admin/delete_product.php on line 3
[13-Sep-2016 20:25:05 UTC] PHP Stack trace:
[13-Sep-2016 20:25:05 UTC] PHP   1. {main}() /home/ubuntu/workspace/public/admin/delete_product.php:0
[13-Sep-2016 20:25:38 UTC] PHP Fatal error:  Class 'orderController' not found in /home/ubuntu/workspace/public/admin/delete_product.php on line 3
[13-Sep-2016 20:25:38 UTC] PHP Stack trace:
[13-Sep-2016 20:25:38 UTC] PHP   1. {main}() /home/ubuntu/workspace/public/admin/delete_product.php:0
[13-Sep-2016 20:39:26 UTC] PHP Fatal error:  Call to undefined method productController::deleteOrder() in /home/ubuntu/workspace/public/admin/delete_product.php on line 3
[13-Sep-2016 20:39:26 UTC] PHP Stack trace:
[13-Sep-2016 20:39:26 UTC] PHP   1. {main}() /home/ubuntu/workspace/public/admin/delete_product.php:0
[13-Sep-2016 21:52:29 UTC] PHP Fatal error:  Class 'Database' not found in /home/ubuntu/workspace/resources/backend/entities/SQLSupport.php on line 6
[13-Sep-2016 21:52:29 UTC] PHP Stack trace:
[13-Sep-2016 21:52:29 UTC] PHP   1. {main}() /home/ubuntu/workspace/public/admin/delete_product.php:0
[13-Sep-2016 21:52:29 UTC] PHP   2. require_once() /home/ubuntu/workspace/public/admin/delete_product.php:2
[13-Sep-2016 21:52:29 UTC] PHP   3. require_once() /home/ubuntu/workspace/resources/backend/controllers/productController.php:2
[13-Sep-2016 21:52:29 UTC] PHP   4. require_once() /home/ubuntu/workspace/resources/backend/entities/Database.php:4
[13-Sep-2016 21:52:29 UTC] PHP   5. Product::deleteProduct() /home/ubuntu/workspace/resources/backend/entities/Product.php:115
[13-Sep-2016 21:52:29 UTC] PHP   6. Product::executeStatement() /home/ubuntu/workspace/resources/backend/entities/Product.php:98
[14-Sep-2016 12:49:09 UTC] PHP Parse error:  syntax error, unexpected 'else' (T_ELSE) in /home/ubuntu/workspace/public/admin/categories.php on line 71
[14-Sep-2016 12:51:33 UTC] PHP Parse error:  syntax error, unexpected 'else' (T_ELSE) in /home/ubuntu/workspace/public/admin/categories.php on line 71
[14-Sep-2016 13:13:47 UTC] PHP Warning:  Invalid argument supplied for foreach() in /home/ubuntu/workspace/public/admin/users.php on line 38
[14-Sep-2016 13:13:47 UTC] PHP Stack trace:
[14-Sep-2016 13:13:47 UTC] PHP   1. {main}() /home/ubuntu/workspace/public/admin/users.php:0
[14-Sep-2016 13:28:05 UTC] PHP Warning:  Invalid argument supplied for foreach() in /home/ubuntu/workspace/public/admin/users.php on line 38
[14-Sep-2016 13:28:05 UTC] PHP Stack trace:
[14-Sep-2016 13:28:05 UTC] PHP   1. {main}() /home/ubuntu/workspace/public/admin/users.php:0
